<?xml version="1.0" encoding="UTF-8"?>
<!-- Generated by org.testng.reporters.JUnitReportReporter -->
<testsuite skipped="0" hostname="Ashwin-PC" name="com.qa.fcrm.scripts.VerifyMultipleLogin" tests="4" failures="0" timestamp="04 Jul 2018 05:50:21 GMT" time="96.536" errors="0">
  <testcase name="testMultipleLogin" time="23.490" classname="com.qa.fcrm.scripts.VerifyMultipleLogin"/>
  <testcase name="testMultipleLogin" time="22.060" classname="com.qa.fcrm.scripts.VerifyMultipleLogin"/>
  <testcase name="testMultipleLogin" time="25.222" classname="com.qa.fcrm.scripts.VerifyMultipleLogin"/>
  <testcase name="testMultipleLogin" time="25.764" classname="com.qa.fcrm.scripts.VerifyMultipleLogin"/>
</testsuite> <!-- com.qa.fcrm.scripts.VerifyMultipleLogin -->
