<?xml version="1.0" encoding="UTF-8"?>
<!-- Generated by org.testng.reporters.JUnitReportReporter -->
<testsuite skipped="0" hostname="Ashwin-PC" name="com.qa.fcrm.scripts.ImplicitLoginLogout" tests="1" failures="0" timestamp="04 Jul 2018 05:02:25 GMT" time="0.101" errors="0">
  <testcase name="testImplicitLoginLogout" time="0.101" classname="com.qa.fcrm.scripts.ImplicitLoginLogout"/>
</testsuite> <!-- com.qa.fcrm.scripts.ImplicitLoginLogout -->
