<?xml version="1.0" encoding="UTF-8"?>
<!-- Generated by org.testng.reporters.JUnitReportReporter -->
<testsuite skipped="0" hostname="Ashwin-PC" name="com.qa.fcrm.scripts.VerifyMultipleLogin" tests="4" failures="0" timestamp="04 Jul 2018 07:24:20 GMT" time="110.418" errors="0">
  <testcase name="testMultipleLogin" time="32.446" classname="com.qa.fcrm.scripts.VerifyMultipleLogin"/>
  <testcase name="testMultipleLogin" time="25.311" classname="com.qa.fcrm.scripts.VerifyMultipleLogin"/>
  <testcase name="testMultipleLogin" time="30.203" classname="com.qa.fcrm.scripts.VerifyMultipleLogin"/>
  <testcase name="testMultipleLogin" time="22.458" classname="com.qa.fcrm.scripts.VerifyMultipleLogin"/>
</testsuite> <!-- com.qa.fcrm.scripts.VerifyMultipleLogin -->
